2025-11-28 23:53:59,593 - INFO - [info] 战斗系统初始化完成
2025-11-28 23:53:59,593 - INFO - [info] 战斗系统初始化完成
2025-11-28 23:53:59,593 - INFO - [info] 战斗系统初始化完成
2025-11-30 02:26:14,818 - INFO - [info] 战斗系统初始化完成
2025-11-30 02:26:14,818 - INFO - [info] 战斗系统初始化完成
2025-11-30 02:26:14,818 - INFO - [info] 战斗系统初始化完成
2025-11-30 02:45:11,302 - INFO - [info] 战斗系统初始化完成
2025-11-30 02:45:11,302 - INFO - [info] 战斗系统初始化完成
2025-11-30 02:45:11,302 - INFO - [info] 战斗系统初始化完成
2025-11-30 03:01:21,436 - INFO - [info] 战斗系统初始化完成
2025-11-30 03:01:21,436 - INFO - [info] 战斗系统初始化完成
2025-11-30 03:05:28,230 - INFO - [info] 战斗系统初始化完成
2025-11-30 03:05:28,230 - INFO - [info] 战斗系统初始化完成
2025-11-30 03:07:16,217 - INFO - [info] 战斗系统初始化完成
2025-11-30 03:07:16,217 - INFO - [info] 战斗系统初始化完成
2025-11-30 03:07:23,777 - INFO - [gamerun] 第1回合准备阶段
2025-11-30 03:07:23,777 - INFO - [gamerun] 第1回合准备阶段
2025-11-30 03:07:24,779 - INFO - [gamerun] 玩家MP +GameResult.ROUND, PC MP +GameResult.ROUND
2025-11-30 03:07:24,779 - INFO - [gamerun] 玩家MP +GameResult.ROUND, PC MP +GameResult.ROUND
2025-11-30 03:08:47,638 - INFO - [info] 战斗系统初始化完成
2025-11-30 03:08:47,638 - INFO - [info] 战斗系统初始化完成
2025-11-30 03:08:52,675 - INFO - [gamerun] 第1回合准备阶段
2025-11-30 03:08:52,675 - INFO - [gamerun] 第1回合准备阶段
2025-11-30 03:08:53,676 - INFO - [gamerun] 玩家MP +GameResult.ROUND, PC MP +GameResult.ROUND
2025-11-30 03:08:53,676 - INFO - [gamerun] 玩家MP +GameResult.ROUND, PC MP +GameResult.ROUND
2025-11-30 03:08:54,781 - INFO - [info] 玩家使用技能: 基础拳
2025-11-30 03:08:54,781 - INFO - [info] 玩家使用技能: 基础拳
2025-11-30 03:08:54,781 - INFO - [gamerun] PC行动阶段
2025-11-30 03:08:54,781 - INFO - [gamerun] PC行动阶段
2025-11-30 03:11:02,863 - INFO - [gamerun] 第2回合准备阶段
2025-11-30 03:11:02,863 - INFO - [gamerun] 第2回合准备阶段
2025-11-30 03:11:03,865 - INFO - [gamerun] 玩家MP +GameResult.ROUND, PC MP +GameResult.ROUND
2025-11-30 03:11:03,865 - INFO - [gamerun] 玩家MP +GameResult.ROUND, PC MP +GameResult.ROUND
2025-11-30 03:11:04,969 - INFO - [info] 玩家使用技能: 基础防御
2025-11-30 03:11:04,969 - INFO - [info] 玩家使用技能: 基础防御
2025-11-30 03:11:04,969 - INFO - [gamerun] PC行动阶段
2025-11-30 03:11:04,969 - INFO - [gamerun] PC行动阶段
2025-11-30 03:12:57,293 - INFO - [info] 战斗系统初始化完成
2025-11-30 03:12:57,293 - INFO - [info] 战斗系统初始化完成
2025-11-30 03:13:03,456 - INFO - [info] 战斗系统初始化完成
2025-11-30 03:13:03,456 - INFO - [info] 战斗系统初始化完成
2025-11-30 03:13:09,729 - INFO - [gamerun] 第1回合准备阶段
2025-11-30 03:13:09,729 - INFO - [gamerun] 第1回合准备阶段
2025-11-30 03:13:10,731 - INFO - [gamerun] 玩家MP +GameResult.ROUND, PC MP +GameResult.ROUND
2025-11-30 03:13:10,731 - INFO - [gamerun] 玩家MP +GameResult.ROUND, PC MP +GameResult.ROUND
2025-11-30 03:13:11,834 - INFO - [info] 玩家使用技能: 基础拳
2025-11-30 03:13:11,834 - INFO - [info] 玩家使用技能: 基础拳
2025-11-30 03:13:11,834 - INFO - [gamerun] PC行动阶段
2025-11-30 03:13:11,834 - INFO - [gamerun] PC行动阶段
2025-11-30 03:14:20,216 - INFO - [info] 战斗系统初始化完成
2025-11-30 03:16:31,697 - INFO - [info] 战斗系统初始化完成
2025-11-30 03:18:54,469 - INFO - [info] 战斗系统初始化完成
2025-11-30 03:18:54,469 - INFO - [info] 战斗系统初始化完成
2025-11-30 03:19:04,500 - INFO - [info] 战斗系统初始化完成
2025-11-30 03:19:04,500 - INFO - [info] 战斗系统初始化完成
2025-11-30 03:19:10,440 - INFO - [gamerun] 第1回合准备阶段
2025-11-30 03:19:10,440 - INFO - [gamerun] 第1回合准备阶段
2025-11-30 03:19:11,442 - INFO - [gamerun] 玩家MP +GameResult.ROUND, PC MP +GameResult.ROUND
2025-11-30 03:19:11,442 - INFO - [gamerun] 玩家MP +GameResult.ROUND, PC MP +GameResult.ROUND
2025-11-30 03:19:12,548 - INFO - [info] 玩家使用技能: 基础拳
2025-11-30 03:19:12,548 - INFO - [info] 玩家使用技能: 基础拳
2025-11-30 03:19:12,548 - INFO - [gamerun] PC行动阶段
2025-11-30 03:19:12,548 - INFO - [gamerun] PC行动阶段
2025-11-30 03:36:41,764 - INFO - [info] 战斗系统初始化完成
2025-11-30 03:36:41,764 - INFO - [info] 战斗系统初始化完成
2025-11-30 03:36:47,722 - INFO - [gamerun] 第1回合准备阶段
2025-11-30 03:36:47,722 - INFO - [gamerun] 第1回合准备阶段
2025-11-30 03:36:48,723 - INFO - [gamerun] 玩家MP +GameResult.ROUND, PC MP +GameResult.ROUND
2025-11-30 03:36:48,723 - INFO - [gamerun] 玩家MP +GameResult.ROUND, PC MP +GameResult.ROUND
2025-11-30 03:36:49,828 - INFO - [info] 玩家使用技能: 基础拳
2025-11-30 03:36:49,828 - INFO - [info] 玩家使用技能: 基础拳
2025-11-30 03:36:49,828 - INFO - [gamerun] PC行动阶段
2025-11-30 03:36:49,828 - INFO - [gamerun] PC行动阶段
2025-11-30 03:37:00,765 - INFO - [gamerun] 第2回合准备阶段
2025-11-30 03:37:00,765 - INFO - [gamerun] 第2回合准备阶段
2025-11-30 03:37:01,766 - INFO - [gamerun] 玩家MP +GameResult.ROUND, PC MP +GameResult.ROUND
2025-11-30 03:37:01,766 - INFO - [gamerun] 玩家MP +GameResult.ROUND, PC MP +GameResult.ROUND
2025-11-30 03:37:02,872 - INFO - [info] 玩家使用技能: 基础防御
2025-11-30 03:37:02,872 - INFO - [info] 玩家使用技能: 基础防御
2025-11-30 03:37:02,872 - INFO - [gamerun] PC行动阶段
2025-11-30 03:37:02,872 - INFO - [gamerun] PC行动阶段
